<?xml version="1.0" encoding="UTF-8" ?>
<testsuite tests="7" failures="0" name="core.RectangleTest" time="0.033" errors="0" skipped="0">
  <properties>
    <property name="idea.version" value="2023.1.3"/>
    <property name="java.runtime.name" value="OpenJDK Runtime Environment"/>
    <property name="sun.boot.library.path" value="C:\Users\pawek\.jdks\corretto-1.8.0_372\jre\bin"/>
    <property name="java.vm.version" value="25.372-b07"/>
    <property name="java.vm.vendor" value="Amazon.com Inc."/>
    <property name="maven.multiModuleProjectDirectory" value="C:\Users\pawek\Magisterka\MasterThesis\SamCross\ExampleProjects\Math_Graphic"/>
    <property name="java.vendor.url" value="https://aws.amazon.com/corretto/"/>
    <property name="path.separator" value=";"/>
    <property name="guice.disable.misplaced.annotation.check" value="true"/>
    <property name="java.vm.name" value="OpenJDK 64-Bit Server VM"/>
    <property name="file.encoding.pkg" value="sun.io"/>
    <property name="user.script" value=""/>
    <property name="user.country" value="PL"/>
    <property name="sun.java.launcher" value="SUN_STANDARD"/>
    <property name="sun.os.patch.level" value=""/>
    <property name="java.vm.specification.name" value="Java Virtual Machine Specification"/>
    <property name="user.dir" value="C:\Users\pawek\Magisterka\MasterThesis\SamCross\ExampleProjects\Math_Graphic"/>
    <property name="java.runtime.version" value="1.8.0_372-b07"/>
    <property name="java.awt.graphicsenv" value="sun.awt.Win32GraphicsEnvironment"/>
    <property name="java.endorsed.dirs" value="C:\Users\pawek\.jdks\corretto-1.8.0_372\jre\lib\endorsed"/>
    <property name="os.arch" value="amd64"/>
    <property name="java.io.tmpdir" value="C:\Users\pawek\AppData\Local\Temp\"/>
    <property name="line.separator" value="
"/>
    <property name="java.vm.specification.vendor" value="Oracle Corporation"/>
    <property name="user.variant" value=""/>
    <property name="os.name" value="Windows 11"/>
    <property name="maven.ext.class.path" value="C:\Users\pawek\AppData\Local\JetBrains\IntelliJ IDEA 2023.1.1\plugins\maven\lib\maven-event-listener.jar"/>
    <property name="classworlds.conf" value="C:\Users\pawek\AppData\Local\JetBrains\IntelliJ IDEA 2023.1.1\plugins\maven\lib\maven3\bin\m2.conf"/>
    <property name="sun.jnu.encoding" value="Cp1250"/>
    <property name="java.library.path" value="C:\Users\pawek\.jdks\corretto-1.8.0_372\bin;C:\WINDOWS\Sun\Java\bin;C:\WINDOWS\system32;C:\WINDOWS;C:\WINDOWS\system32;C:\WINDOWS;C:\WINDOWS\System32\Wbem;C:\WINDOWS\System32\WindowsPowerShell\v1.0\;C:\WINDOWS\System32\OpenSSH\;C:\Program Files\Git\cmd;C:\Program Files\apache-maven-3.8.6-bin\apache-maven-3.8.6\bin;C:\Program Files\dotnet\;C:\Program Files\Microsoft SQL Server\150\Tools\Binn\;C:\Program Files\Microsoft SQL Server\Client SDK\ODBC\170\Tools\Binn\;C:\Users\pawek\.jdks\corretto-1.8.0_372\bin;C:\Users\pawek\AppData\Local\Microsoft\WindowsApps;;C:\Users\pawek\AppData\Local\JetBrains\IntelliJ IDEA 2023.1.1\bin;;C:\Users\pawek\AppData\Local\Programs\Microsoft VS Code\bin;C:\Program Files\JetBrains\CLion 2022.2.4\bin;;C:\Program Files\JetBrains\JetBrains Rider 2023.1.1\bin;;C:\Users\pawek\.dotnet\tools;."/>
    <property name="jansi.passthrough" value="true"/>
    <property name="maven.conf" value="C:\Users\pawek\AppData\Local\JetBrains\IntelliJ IDEA 2023.1.1\plugins\maven\lib\maven3/conf"/>
    <property name="java.specification.name" value="Java Platform API Specification"/>
    <property name="java.class.version" value="52.0"/>
    <property name="sun.management.compiler" value="HotSpot 64-Bit Tiered Compilers"/>
    <property name="os.version" value="10.0"/>
    <property name="user.home" value="C:\Users\pawek"/>
    <property name="user.timezone" value="Europe/Belgrade"/>
    <property name="java.awt.printerjob" value="sun.awt.windows.WPrinterJob"/>
    <property name="java.specification.version" value="1.8"/>
    <property name="file.encoding" value="UTF-8"/>
    <property name="user.name" value="pawek"/>
    <property name="java.class.path" value="C:\Users\pawek\AppData\Local\JetBrains\IntelliJ IDEA 2023.1.1\plugins\maven\lib\maven3\boot\plexus-classworlds-2.6.0.jar;C:\Users\pawek\AppData\Local\JetBrains\IntelliJ IDEA 2023.1.1\plugins\maven\lib\maven3\boot\plexus-classworlds.license;C:\Users\pawek\AppData\Local\JetBrains\IntelliJ IDEA 2023.1.1\lib\idea_rt.jar"/>
    <property name="java.vm.specification.version" value="1.8"/>
    <property name="sun.arch.data.model" value="64"/>
    <property name="java.home" value="C:\Users\pawek\.jdks\corretto-1.8.0_372\jre"/>
    <property name="sun.java.command" value="org.codehaus.classworlds.Launcher -Didea.version=2023.1.3 install"/>
    <property name="java.specification.vendor" value="Oracle Corporation"/>
    <property name="user.language" value="pl"/>
    <property name="awt.toolkit" value="sun.awt.windows.WToolkit"/>
    <property name="java.vm.info" value="mixed mode"/>
    <property name="java.version" value="1.8.0_372"/>
    <property name="java.ext.dirs" value="C:\Users\pawek\.jdks\corretto-1.8.0_372\jre\lib\ext;C:\WINDOWS\Sun\Java\lib\ext"/>
    <property name="sun.boot.class.path" value="C:\Users\pawek\.jdks\corretto-1.8.0_372\jre\lib\resources.jar;C:\Users\pawek\.jdks\corretto-1.8.0_372\jre\lib\rt.jar;C:\Users\pawek\.jdks\corretto-1.8.0_372\jre\lib\sunrsasign.jar;C:\Users\pawek\.jdks\corretto-1.8.0_372\jre\lib\jsse.jar;C:\Users\pawek\.jdks\corretto-1.8.0_372\jre\lib\jce.jar;C:\Users\pawek\.jdks\corretto-1.8.0_372\jre\lib\charsets.jar;C:\Users\pawek\.jdks\corretto-1.8.0_372\jre\lib\jfr.jar;C:\Users\pawek\.jdks\corretto-1.8.0_372\jre\classes"/>
    <property name="java.vendor" value="Amazon.com Inc."/>
    <property name="java.specification.maintenance.version" value="4"/>
    <property name="maven.home" value="C:\Users\pawek\AppData\Local\JetBrains\IntelliJ IDEA 2023.1.1\plugins\maven\lib\maven3"/>
    <property name="file.separator" value="\"/>
    <property name="java.vendor.url.bug" value="https://github.com/corretto/corretto-8/issues/"/>
    <property name="sun.cpu.endian" value="little"/>
    <property name="sun.io.unicode.encoding" value="UnicodeLittle"/>
    <property name="sun.desktop" value="windows"/>
    <property name="sun.cpu.isalist" value="amd64"/>
  </properties>
  <testcase classname="core.RectangleTest" name="testSomething2" time="0"/>
  <testcase classname="core.RectangleTest" name="test1" time="0.005"/>
  <testcase classname="core.RectangleTest" name="test2" time="0.003"/>
  <testcase classname="core.RectangleTest" name="test3" time="0.007"/>
  <testcase classname="core.RectangleTest" name="test4" time="0.003"/>
  <testcase classname="core.RectangleTest" name="DifferentPointsOrder" time="0.013"/>
  <testcase classname="core.RectangleTest" name="testOnePixelRectangle" time="0.002"/>
</testsuite>